0 info it worked if it ends with ok
1 verbose cli [ 'C:\\Program Files\\nodejs\\node.exe',
1 verbose cli   'C:\\Program Files\\nodejs\\node_modules\\npm\\bin\\npm-cli.js',
1 verbose cli   'start' ]
2 info using npm@3.10.9
3 info using node@v6.9.2
4 verbose run-script [ 'prestart', 'start', 'poststart' ]
5 info lifecycle app4gymapi@0.0.0~prestart: app4gymapi@0.0.0
6 silly lifecycle app4gymapi@0.0.0~prestart: no script for prestart, continuing
7 info lifecycle app4gymapi@0.0.0~start: app4gymapi@0.0.0
8 verbose lifecycle app4gymapi@0.0.0~start: unsafe-perm in lifecycle true
9 verbose lifecycle app4gymapi@0.0.0~start: PATH: C:\Program Files\nodejs\node_modules\npm\bin\node-gyp-bin;C:\liferay-developer-studio-3.0.0-ga1\workspace\app4gym\app4gymapi\node_modules\.bin;C:\Users\roberto.sangiovanni\AppData\Local\atom\bin;C:\apache-cxf-3.1.12\bin;C:\JPM4J\bin;C:\Users\roberto.sangiovanni\AppData\Roaming\npm;C:\mysql-5.7.17-winx64\bin;C:\jdk1_8\bin;C:\Git\bin;C:\apache-maven-3.3.9\bin;C:\apache-ant-1.9.7\bin;C:\windows\system32;C:\windows;C:\windows\System32\Wbem;C:\windows\System32\WindowsPowerShell\v1.0\;C:\windows\System32\WindowsPowerShell\v1.0\;C:\Program Files\WIDCOMM\Bluetooth Software\;C:\Program Files\WIDCOMM\Bluetooth Software\syswow64;C:\Users\roberto.sangiovanni\.dnx\bin;C:\Program Files\Microsoft DNX\Dnvm\;C:\Program Files\nodejs\;C:\Program Files\MySQL\MySQL Utilities 1.6\;C:\Program Files (x86)\Skype\Phone\;C:\Ruby23-x64\bin;C:\Users\roberto.sangiovanni\AppData\Roaming\npm;C:\Git\cmd;C:\JPM4J\bin
10 verbose lifecycle app4gymapi@0.0.0~start: CWD: C:\liferay-developer-studio-3.0.0-ga1\workspace\app4gym\app4gymapi
11 silly lifecycle app4gymapi@0.0.0~start: Args: [ '/d /s /c', 'node ./bin/www' ]
12 silly lifecycle app4gymapi@0.0.0~start: Returned: code: 1  signal: null
13 info lifecycle app4gymapi@0.0.0~start: Failed to exec start script
14 verbose stack Error: app4gymapi@0.0.0 start: `node ./bin/www`
14 verbose stack Exit status 1
14 verbose stack     at EventEmitter.<anonymous> (C:\Program Files\nodejs\node_modules\npm\lib\utils\lifecycle.js:255:16)
14 verbose stack     at emitTwo (events.js:106:13)
14 verbose stack     at EventEmitter.emit (events.js:191:7)
14 verbose stack     at ChildProcess.<anonymous> (C:\Program Files\nodejs\node_modules\npm\lib\utils\spawn.js:40:14)
14 verbose stack     at emitTwo (events.js:106:13)
14 verbose stack     at ChildProcess.emit (events.js:191:7)
14 verbose stack     at maybeClose (internal/child_process.js:877:16)
14 verbose stack     at Process.ChildProcess._handle.onexit (internal/child_process.js:226:5)
15 verbose pkgid app4gymapi@0.0.0
16 verbose cwd C:\liferay-developer-studio-3.0.0-ga1\workspace\app4gym\app4gymapi
17 error Windows_NT 6.1.7601
18 error argv "C:\\Program Files\\nodejs\\node.exe" "C:\\Program Files\\nodejs\\node_modules\\npm\\bin\\npm-cli.js" "start"
19 error node v6.9.2
20 error npm  v3.10.9
21 error code ELIFECYCLE
22 error app4gymapi@0.0.0 start: `node ./bin/www`
22 error Exit status 1
23 error Failed at the app4gymapi@0.0.0 start script 'node ./bin/www'.
23 error Make sure you have the latest version of node.js and npm installed.
23 error If you do, this is most likely a problem with the app4gymapi package,
23 error not with npm itself.
23 error Tell the author that this fails on your system:
23 error     node ./bin/www
23 error You can get information on how to open an issue for this project with:
23 error     npm bugs app4gymapi
23 error Or if that isn't available, you can get their info via:
23 error     npm owner ls app4gymapi
23 error There is likely additional logging output above.
24 verbose exit [ 1, true ]
